2017-09-27 14:46:48,368 INFO o.a.j.u.JMeterUtils: Setting Locale to en_US
2017-09-27 14:46:48,379 INFO o.a.j.JMeter: Loading user properties from: /home/leshanr/Desktop/ordering/ordering_mobile_perf/jmeter/bin/user.properties
2017-09-27 14:46:48,380 INFO o.a.j.JMeter: Loading system properties from: /home/leshanr/Desktop/ordering/ordering_mobile_perf/jmeter/bin/system.properties
2017-09-27 14:46:48,384 INFO o.a.j.JMeter: Copyright (c) 1998-2017 The Apache Software Foundation
2017-09-27 14:46:48,384 INFO o.a.j.JMeter: Version 3.2 r1790748
2017-09-27 14:46:48,384 INFO o.a.j.JMeter: java.version=1.8.0_131
2017-09-27 14:46:48,385 INFO o.a.j.JMeter: java.vm.name=OpenJDK 64-Bit Server VM
2017-09-27 14:46:48,385 INFO o.a.j.JMeter: os.name=Linux
2017-09-27 14:46:48,385 INFO o.a.j.JMeter: os.arch=amd64
2017-09-27 14:46:48,385 INFO o.a.j.JMeter: os.version=4.10.0-33-generic
2017-09-27 14:46:48,385 INFO o.a.j.JMeter: file.encoding=UTF-8
2017-09-27 14:46:48,385 INFO o.a.j.JMeter: Max memory     =3663200256
2017-09-27 14:46:48,385 INFO o.a.j.JMeter: Available Processors =4
2017-09-27 14:46:48,389 INFO o.a.j.JMeter: Default Locale=English (United States)
2017-09-27 14:46:48,389 INFO o.a.j.JMeter: JMeter  Locale=English (United States)
2017-09-27 14:46:48,389 INFO o.a.j.JMeter: JMeterHome=/home/leshanr/Desktop/ordering/ordering_mobile_perf/jmeter
2017-09-27 14:46:48,389 INFO o.a.j.JMeter: user.dir  =/home/leshanr/Desktop/ordering/ordering_mobile_perf
2017-09-27 14:46:48,390 INFO o.a.j.JMeter: PWD       =/home/leshanr/Desktop/ordering/ordering_mobile_perf
2017-09-27 14:46:48,390 INFO o.a.j.JMeter: IP: 127.0.1.1 Name: admin FullName: admin
2017-09-27 14:46:48,723 INFO o.a.j.g.a.LookAndFeelCommand: Using look and feel: javax.swing.plaf.metal.MetalLookAndFeel [Metal, CrossPlatform]
2017-09-27 14:46:48,730 INFO o.a.j.JMeter: Loaded icon properties from org/apache/jmeter/images/icon.properties
2017-09-27 14:46:49,355 INFO o.a.j.e.u.CompoundVariable: Note: Function class names must contain the string: '.functions.'
2017-09-27 14:46:49,357 INFO o.a.j.e.u.CompoundVariable: Note: Function class names must not contain the string: '.gui.'
2017-09-27 14:46:51,680 INFO o.a.j.g.u.MenuFactory: Skipping org.apache.jmeter.assertions.BSFAssertion
2017-09-27 14:46:51,952 INFO o.a.j.g.u.MenuFactory: Skipping org.apache.jmeter.extractor.BSFPostProcessor
2017-09-27 14:46:51,983 INFO o.a.j.g.u.MenuFactory: Skipping org.apache.jmeter.modifiers.BSFPreProcessor
2017-09-27 14:46:52,016 INFO o.a.j.p.h.s.HTTPSamplerBase: Parser for text/html is org.apache.jmeter.protocol.http.parser.LagartoBasedHtmlParser
2017-09-27 14:46:52,017 INFO o.a.j.p.h.s.HTTPSamplerBase: Parser for application/xhtml+xml is org.apache.jmeter.protocol.http.parser.LagartoBasedHtmlParser
2017-09-27 14:46:52,017 INFO o.a.j.p.h.s.HTTPSamplerBase: Parser for application/xml is org.apache.jmeter.protocol.http.parser.LagartoBasedHtmlParser
2017-09-27 14:46:52,017 INFO o.a.j.p.h.s.HTTPSamplerBase: Parser for text/xml is org.apache.jmeter.protocol.http.parser.LagartoBasedHtmlParser
2017-09-27 14:46:52,017 INFO o.a.j.p.h.s.HTTPSamplerBase: Parser for text/vnd.wap.wml is org.apache.jmeter.protocol.http.parser.RegexpHTMLParser
2017-09-27 14:46:52,017 INFO o.a.j.p.h.s.HTTPSamplerBase: Parser for text/css is org.apache.jmeter.protocol.http.parser.CssParser
2017-09-27 14:46:52,297 INFO o.a.j.e.KeyToolUtils: keytool found at 'keytool'
2017-09-27 14:46:52,298 INFO o.a.j.p.h.p.ProxyControl: HTTP(S) Test Script Recorder SSL Proxy will use keys that support embedded 3rd party resources in file /home/leshanr/Desktop/ordering/ordering_mobile_perf/jmeter/bin/proxyserver.jks
2017-09-27 14:46:52,421 INFO o.a.j.g.u.MenuFactory: Skipping org.apache.jmeter.protocol.java.sampler.BSFSampler
2017-09-27 14:46:52,475 INFO o.a.j.s.FileServer: Default base='/home/leshanr/Desktop/ordering/ordering_mobile_perf'
2017-09-27 14:46:52,560 INFO o.a.j.g.u.MenuFactory: Skipping org.apache.jmeter.protocol.mongodb.config.MongoSourceElement
2017-09-27 14:46:52,561 INFO o.a.j.g.u.MenuFactory: Skipping org.apache.jmeter.protocol.mongodb.sampler.MongoScriptSampler
2017-09-27 14:46:52,732 INFO o.a.j.g.u.MenuFactory: Skipping org.apache.jmeter.timers.BSFTimer
2017-09-27 14:46:52,755 INFO o.a.j.g.u.MenuFactory: Skipping org.apache.jmeter.visualizers.BSFListener
2017-09-27 14:46:52,879 INFO o.a.j.s.SampleResult: Note: Sample TimeStamps are START times
2017-09-27 14:46:52,879 INFO o.a.j.s.SampleResult: sampleresult.default.encoding is set to ISO-8859-1
2017-09-27 14:46:52,879 INFO o.a.j.s.SampleResult: sampleresult.useNanoTime=true
2017-09-27 14:46:52,879 INFO o.a.j.s.SampleResult: sampleresult.nanoThreadSleep=5000
2017-09-27 14:46:52,899 WARN o.a.j.v.ViewResultsFullVisualizer: Error loading result renderer: org.apache.jmeter.visualizers.RenderInBrowser
java.lang.NoClassDefFoundError: javafx/embed/swing/JFXPanel
	at java.lang.Class.forName0(Native Method) ~[?:1.8.0_131]
	at java.lang.Class.forName(Class.java:264) ~[?:1.8.0_131]
	at org.apache.jmeter.visualizers.ViewResultsFullVisualizer.createComboRender(ViewResultsFullVisualizer.java:364) ~[ApacheJMeter_components.jar:3.2 r1790748]
	at org.apache.jmeter.visualizers.ViewResultsFullVisualizer.createLeftPanel(ViewResultsFullVisualizer.java:332) ~[ApacheJMeter_components.jar:3.2 r1790748]
	at org.apache.jmeter.visualizers.ViewResultsFullVisualizer.init(ViewResultsFullVisualizer.java:253) ~[ApacheJMeter_components.jar:3.2 r1790748]
	at org.apache.jmeter.visualizers.ViewResultsFullVisualizer.<init>(ViewResultsFullVisualizer.java:154) ~[ApacheJMeter_components.jar:3.2 r1790748]
	at sun.reflect.NativeConstructorAccessorImpl.newInstance0(Native Method) ~[?:1.8.0_131]
	at sun.reflect.NativeConstructorAccessorImpl.newInstance(NativeConstructorAccessorImpl.java:62) ~[?:1.8.0_131]
	at sun.reflect.DelegatingConstructorAccessorImpl.newInstance(DelegatingConstructorAccessorImpl.java:45) ~[?:1.8.0_131]
	at java.lang.reflect.Constructor.newInstance(Constructor.java:423) ~[?:1.8.0_131]
	at java.lang.Class.newInstance(Class.java:442) ~[?:1.8.0_131]
	at org.apache.jmeter.gui.util.MenuFactory.initializeMenus(MenuFactory.java:505) ~[ApacheJMeter_core.jar:3.2 r1790748]
	at org.apache.jmeter.gui.util.MenuFactory.<clinit>(MenuFactory.java:169) ~[ApacheJMeter_core.jar:3.2 r1790748]
	at org.apache.jmeter.control.gui.TestPlanGui.createPopupMenu(TestPlanGui.java:93) ~[ApacheJMeter_core.jar:3.2 r1790748]
	at org.apache.jmeter.gui.tree.JMeterTreeNode.createPopupMenu(JMeterTreeNode.java:156) ~[ApacheJMeter_core.jar:3.2 r1790748]
	at org.apache.jmeter.gui.action.EditCommand.doAction(EditCommand.java:46) ~[ApacheJMeter_core.jar:3.2 r1790748]
	at org.apache.jmeter.gui.action.ActionRouter.performAction(ActionRouter.java:74) ~[ApacheJMeter_core.jar:3.2 r1790748]
	at org.apache.jmeter.gui.action.ActionRouter.lambda$actionPerformed$0(ActionRouter.java:59) ~[ApacheJMeter_core.jar:3.2 r1790748]
	at java.awt.event.InvocationEvent.dispatch(InvocationEvent.java:311) [?:1.8.0_131]
	at java.awt.EventQueue.dispatchEventImpl(EventQueue.java:756) [?:1.8.0_131]
	at java.awt.EventQueue.access$500(EventQueue.java:97) [?:1.8.0_131]
	at java.awt.EventQueue$3.run(EventQueue.java:709) [?:1.8.0_131]
	at java.awt.EventQueue$3.run(EventQueue.java:703) [?:1.8.0_131]
	at java.security.AccessController.doPrivileged(Native Method) ~[?:1.8.0_131]
	at java.security.ProtectionDomain$JavaSecurityAccessImpl.doIntersectionPrivilege(ProtectionDomain.java:80) [?:1.8.0_131]
	at java.awt.EventQueue.dispatchEvent(EventQueue.java:726) [?:1.8.0_131]
	at java.awt.EventDispatchThread.pumpOneEventForFilters(EventDispatchThread.java:201) [?:1.8.0_131]
	at java.awt.EventDispatchThread.pumpEventsForFilter(EventDispatchThread.java:116) [?:1.8.0_131]
	at java.awt.EventDispatchThread.pumpEventsForHierarchy(EventDispatchThread.java:105) [?:1.8.0_131]
	at java.awt.EventDispatchThread.pumpEvents(EventDispatchThread.java:101) [?:1.8.0_131]
	at java.awt.EventDispatchThread.pumpEvents(EventDispatchThread.java:93) [?:1.8.0_131]
	at java.awt.EventDispatchThread.run(EventDispatchThread.java:82) [?:1.8.0_131]
Caused by: java.lang.ClassNotFoundException: javafx.embed.swing.JFXPanel
	at java.net.URLClassLoader.findClass(URLClassLoader.java:381) ~[?:1.8.0_131]
	at java.lang.ClassLoader.loadClass(ClassLoader.java:424) ~[?:1.8.0_131]
	at java.lang.ClassLoader.loadClass(ClassLoader.java:357) ~[?:1.8.0_131]
	... 32 more
2017-09-27 14:46:52,977 INFO o.j.r.PluginManager: Plugins Status: [jpgc-graphs-basic=2.0, jpgc-functions=2.0, jpgc-casutg=2.1, jpgc-dummy=0.2, jpgc-ffw=2.0, jpgc-fifo=0.2, jpgc-perfmon=2.1, jpgc-plugins-manager=0.16, jpgc-tst=2.1, jmeter-core=3.2, jmeter-ftp=3.2, jmeter-http=3.2, jmeter-jdbc=3.2, jmeter-jms=3.2, jmeter-junit=3.2, jmeter-java=3.2, jmeter-ldap=3.2, jmeter-mail=3.2, jmeter-mongodb=3.2, jmeter-native=3.2, jmeter-tcp=3.2, jmeter-components=3.2, jpgc-standard=2.0]
2017-09-27 14:47:11,261 INFO o.a.j.g.a.Load: Loading file: /home/leshanr/Desktop/ordering/ordering_mobile_perf/OrderToPar/orderToPar.jmx
2017-09-27 14:47:11,261 INFO o.a.j.s.FileServer: Set new base='/home/leshanr/Desktop/ordering/ordering_mobile_perf/OrderToPar'
2017-09-27 14:47:11,359 INFO o.a.j.s.SaveService: Testplan (JMX) version: 2.2. Testlog (JTL) version: 2.2
2017-09-27 14:47:11,375 INFO o.a.j.s.SaveService: Using SaveService properties file encoding UTF-8
2017-09-27 14:47:11,377 INFO o.a.j.s.SaveService: Using SaveService properties version 3.2
2017-09-27 14:47:11,380 INFO o.a.j.s.SaveService: Loading file: /home/leshanr/Desktop/ordering/ordering_mobile_perf/OrderToPar/orderToPar.jmx
2017-09-27 14:47:11,933 WARN o.a.j.v.ViewResultsFullVisualizer: Error loading result renderer: org.apache.jmeter.visualizers.RenderInBrowser
java.lang.NoClassDefFoundError: javafx/embed/swing/JFXPanel
	at java.lang.Class.forName0(Native Method) ~[?:1.8.0_131]
	at java.lang.Class.forName(Class.java:264) ~[?:1.8.0_131]
	at org.apache.jmeter.visualizers.ViewResultsFullVisualizer.createComboRender(ViewResultsFullVisualizer.java:364) ~[ApacheJMeter_components.jar:3.2 r1790748]
	at org.apache.jmeter.visualizers.ViewResultsFullVisualizer.createLeftPanel(ViewResultsFullVisualizer.java:332) ~[ApacheJMeter_components.jar:3.2 r1790748]
	at org.apache.jmeter.visualizers.ViewResultsFullVisualizer.init(ViewResultsFullVisualizer.java:253) ~[ApacheJMeter_components.jar:3.2 r1790748]
	at org.apache.jmeter.visualizers.ViewResultsFullVisualizer.<init>(ViewResultsFullVisualizer.java:154) ~[ApacheJMeter_components.jar:3.2 r1790748]
	at sun.reflect.NativeConstructorAccessorImpl.newInstance0(Native Method) ~[?:1.8.0_131]
	at sun.reflect.NativeConstructorAccessorImpl.newInstance(NativeConstructorAccessorImpl.java:62) ~[?:1.8.0_131]
	at sun.reflect.DelegatingConstructorAccessorImpl.newInstance(DelegatingConstructorAccessorImpl.java:45) ~[?:1.8.0_131]
	at java.lang.reflect.Constructor.newInstance(Constructor.java:423) ~[?:1.8.0_131]
	at java.lang.Class.newInstance(Class.java:442) ~[?:1.8.0_131]
	at org.apache.jmeter.gui.GuiPackage.getGuiFromCache(GuiPackage.java:399) ~[ApacheJMeter_core.jar:3.2 r1790748]
	at org.apache.jmeter.gui.GuiPackage.getGui(GuiPackage.java:245) ~[ApacheJMeter_core.jar:3.2 r1790748]
	at org.apache.jmeter.gui.GuiPackage.getGui(GuiPackage.java:216) ~[ApacheJMeter_core.jar:3.2 r1790748]
	at org.apache.jmeter.gui.tree.JMeterTreeModel.addComponent(JMeterTreeModel.java:145) ~[ApacheJMeter_core.jar:3.2 r1790748]
	at org.apache.jmeter.gui.tree.JMeterTreeModel.addSubTree(JMeterTreeModel.java:121) ~[ApacheJMeter_core.jar:3.2 r1790748]
	at org.apache.jmeter.gui.tree.JMeterTreeModel.addSubTree(JMeterTreeModel.java:113) ~[ApacheJMeter_core.jar:3.2 r1790748]
	at org.apache.jmeter.gui.GuiPackage.addSubTree(GuiPackage.java:517) ~[ApacheJMeter_core.jar:3.2 r1790748]
	at org.apache.jmeter.gui.action.Load.insertLoadedTree(Load.java:194) ~[ApacheJMeter_core.jar:3.2 r1790748]
	at org.apache.jmeter.gui.action.Load.loadProjectFile(Load.java:131) ~[ApacheJMeter_core.jar:3.2 r1790748]
	at org.apache.jmeter.gui.action.Load.loadProjectFile(Load.java:102) ~[ApacheJMeter_core.jar:3.2 r1790748]
	at org.apache.jmeter.gui.action.Load.doActionAfterCheck(Load.java:89) ~[ApacheJMeter_core.jar:3.2 r1790748]
	at org.apache.jmeter.gui.action.AbstractActionWithNoRunningTest.doAction(AbstractActionWithNoRunningTest.java:45) ~[ApacheJMeter_core.jar:3.2 r1790748]
	at org.apache.jmeter.gui.action.ActionRouter.performAction(ActionRouter.java:74) ~[ApacheJMeter_core.jar:3.2 r1790748]
	at org.apache.jmeter.gui.action.ActionRouter.lambda$actionPerformed$0(ActionRouter.java:59) ~[ApacheJMeter_core.jar:3.2 r1790748]
	at java.awt.event.InvocationEvent.dispatch(InvocationEvent.java:311) [?:1.8.0_131]
	at java.awt.EventQueue.dispatchEventImpl(EventQueue.java:756) [?:1.8.0_131]
	at java.awt.EventQueue.access$500(EventQueue.java:97) [?:1.8.0_131]
	at java.awt.EventQueue$3.run(EventQueue.java:709) [?:1.8.0_131]
	at java.awt.EventQueue$3.run(EventQueue.java:703) [?:1.8.0_131]
	at java.security.AccessController.doPrivileged(Native Method) ~[?:1.8.0_131]
	at java.security.ProtectionDomain$JavaSecurityAccessImpl.doIntersectionPrivilege(ProtectionDomain.java:80) [?:1.8.0_131]
	at java.awt.EventQueue.dispatchEvent(EventQueue.java:726) [?:1.8.0_131]
	at java.awt.EventDispatchThread.pumpOneEventForFilters(EventDispatchThread.java:201) [?:1.8.0_131]
	at java.awt.EventDispatchThread.pumpEventsForFilter(EventDispatchThread.java:116) [?:1.8.0_131]
	at java.awt.EventDispatchThread.pumpEventsForHierarchy(EventDispatchThread.java:105) [?:1.8.0_131]
	at java.awt.EventDispatchThread.pumpEvents(EventDispatchThread.java:101) [?:1.8.0_131]
	at java.awt.EventDispatchThread.pumpEvents(EventDispatchThread.java:93) [?:1.8.0_131]
	at java.awt.EventDispatchThread.run(EventDispatchThread.java:82) [?:1.8.0_131]
Caused by: java.lang.ClassNotFoundException: javafx.embed.swing.JFXPanel
	at java.net.URLClassLoader.findClass(URLClassLoader.java:381) ~[?:1.8.0_131]
	at java.lang.ClassLoader.loadClass(ClassLoader.java:424) ~[?:1.8.0_131]
	at java.lang.ClassLoader.loadClass(ClassLoader.java:357) ~[?:1.8.0_131]
	... 39 more
2017-09-27 14:47:11,978 INFO o.a.j.s.FileServer: Set new base='/home/leshanr/Desktop/ordering/ordering_mobile_perf/OrderToPar'
2017-09-27 14:47:16,595 INFO o.a.j.e.StandardJMeterEngine: Running the test!
2017-09-27 14:47:16,596 INFO o.a.j.s.SampleEvent: List of sample_variables: []
2017-09-27 14:47:16,597 INFO o.a.j.s.SampleEvent: List of sample_variables: []
2017-09-27 14:47:16,617 INFO o.a.j.g.u.JMeterMenuBar: setRunning(true, *local*)
2017-09-27 14:47:16,808 INFO o.a.j.e.StandardJMeterEngine: Starting ThreadGroup: 1 : Delete_Test_Data_File
2017-09-27 14:47:16,809 INFO o.a.j.e.StandardJMeterEngine: Starting 1 threads for group Delete_Test_Data_File.
2017-09-27 14:47:16,809 INFO o.a.j.e.StandardJMeterEngine: Thread will continue on error
2017-09-27 14:47:16,809 INFO o.a.j.t.ThreadGroup: Starting thread group... number=1 threads=1 ramp-up=1 perThread=1000.0 delayedStart=false
2017-09-27 14:47:16,822 INFO o.a.j.t.ThreadGroup: Started thread group number 1
2017-09-27 14:47:16,823 INFO o.a.j.e.StandardJMeterEngine: Waiting for thread group: Delete_Test_Data_File to finish before starting next group
2017-09-27 14:47:16,823 INFO o.a.j.t.JMeterThread: Thread started: Delete_Test_Data_File 1-1
2017-09-27 14:47:16,848 INFO o.a.j.t.JMeterThread: Thread is done: Delete_Test_Data_File 1-1
2017-09-27 14:47:16,848 INFO o.a.j.t.JMeterThread: Thread finished: Delete_Test_Data_File 1-1
2017-09-27 14:47:16,848 INFO o.a.j.e.StandardJMeterEngine: Starting ThreadGroup: 2 : login_ordering_app
2017-09-27 14:47:16,848 INFO o.a.j.e.StandardJMeterEngine: Starting 1 threads for group login_ordering_app.
2017-09-27 14:47:16,848 INFO o.a.j.e.StandardJMeterEngine: Thread will start next loop on error
2017-09-27 14:47:16,848 INFO o.a.j.t.ThreadGroup: Starting thread group... number=2 threads=1 ramp-up=1 perThread=1000.0 delayedStart=false
2017-09-27 14:47:16,862 INFO o.a.j.t.ThreadGroup: Started thread group number 2
2017-09-27 14:47:16,863 INFO o.a.j.e.StandardJMeterEngine: Waiting for thread group: login_ordering_app to finish before starting next group
2017-09-27 14:47:16,864 INFO o.a.j.t.JMeterThread: Thread started: login_ordering_app 2-1
2017-09-27 14:47:16,866 INFO o.a.j.s.FileServer: Stored: userCredentials.csv
2017-09-27 14:47:16,885 INFO o.a.j.p.h.s.HTTPHCAbstractImpl: Local host = admin
2017-09-27 14:47:16,893 INFO o.a.j.p.h.s.HTTPHC4Impl: HTTP request retry count = 0
2017-09-27 14:47:16,998 INFO o.a.j.p.h.s.LazySchemeSocketFactory: Setting up HTTPS TrustAll Socket Factory
2017-09-27 14:47:17,003 INFO o.a.j.u.JsseSSLManager: Using default SSL protocol: TLS
2017-09-27 14:47:17,004 INFO o.a.j.u.JsseSSLManager: SSL session context: per-thread
2017-09-27 14:47:17,031 INFO o.a.j.u.SSLManager: JmeterKeyStore Location:  type JKS
2017-09-27 14:47:17,033 INFO o.a.j.u.SSLManager: KeyStore created OK
2017-09-27 14:47:17,034 WARN o.a.j.u.SSLManager: Keystore file not found, loading empty keystore
2017-09-27 14:47:34,867 INFO o.a.j.t.JMeterThread: Thread is done: login_ordering_app 2-1
2017-09-27 14:47:34,868 INFO o.a.j.t.JMeterThread: Thread finished: login_ordering_app 2-1
2017-09-27 14:47:34,869 INFO o.a.j.e.StandardJMeterEngine: Starting ThreadGroup: 3 : create_par_group
2017-09-27 14:47:34,869 INFO o.a.j.e.StandardJMeterEngine: Starting 1 threads for group create_par_group.
2017-09-27 14:47:34,869 INFO o.a.j.e.StandardJMeterEngine: Thread will start next loop on error
2017-09-27 14:47:34,870 INFO o.a.j.t.ThreadGroup: Starting thread group... number=3 threads=1 ramp-up=1 perThread=1000.0 delayedStart=false
2017-09-27 14:47:34,890 INFO o.a.j.t.ThreadGroup: Started thread group number 3
2017-09-27 14:47:34,890 INFO o.a.j.e.StandardJMeterEngine: Waiting for thread group: create_par_group to finish before starting next group
2017-09-27 14:47:34,891 INFO o.a.j.t.JMeterThread: Thread started: create_par_group 3-1
2017-09-27 14:47:34,892 INFO o.a.j.s.FileServer: Stored: OrderToPar/test_data.csv
2017-09-27 14:47:40,410 INFO o.a.j.s.FileServer: Stored: parGroupName.csv
2017-09-27 14:47:46,440 INFO o.a.j.t.JMeterThread: Thread is done: create_par_group 3-1
2017-09-27 14:47:46,441 INFO o.a.j.t.JMeterThread: Thread finished: create_par_group 3-1
2017-09-27 14:47:46,446 INFO o.a.j.e.StandardJMeterEngine: Starting ThreadGroup: 4 : Order_creation_via_order_to_par
2017-09-27 14:47:46,447 INFO o.a.j.e.StandardJMeterEngine: Starting 1 threads for group Order_creation_via_order_to_par.
2017-09-27 14:47:46,447 INFO o.a.j.e.StandardJMeterEngine: Thread will start next loop on error
2017-09-27 14:47:46,448 INFO o.a.j.t.ThreadGroup: Starting thread group... number=4 threads=1 ramp-up=1 perThread=1000.0 delayedStart=false
2017-09-27 14:47:46,482 INFO o.a.j.t.ThreadGroup: Started thread group number 4
2017-09-27 14:47:46,482 INFO o.a.j.e.StandardJMeterEngine: Waiting for thread group: Order_creation_via_order_to_par to finish before starting next group
2017-09-27 14:47:46,484 INFO o.a.j.t.JMeterThread: Thread started: Order_creation_via_order_to_par 4-1
2017-09-27 14:47:46,486 INFO o.a.j.s.FileServer: Stored: OrderToPar/doc_id.csv
2017-09-27 14:48:07,927 INFO o.a.j.t.JMeterThread: Thread is done: Order_creation_via_order_to_par 4-1
2017-09-27 14:48:07,928 INFO o.a.j.t.JMeterThread: Thread finished: Order_creation_via_order_to_par 4-1
2017-09-27 14:48:07,930 INFO o.a.j.e.StandardJMeterEngine: Starting ThreadGroup: 5 : logout_ordering_app
2017-09-27 14:48:07,930 INFO o.a.j.e.StandardJMeterEngine: Starting 1 threads for group logout_ordering_app.
2017-09-27 14:48:07,931 INFO o.a.j.e.StandardJMeterEngine: Thread will start next loop on error
2017-09-27 14:48:07,932 INFO o.a.j.t.ThreadGroup: Starting thread group... number=5 threads=1 ramp-up=1 perThread=1000.0 delayedStart=false
2017-09-27 14:48:07,933 INFO o.a.j.t.ThreadGroup: Started thread group number 5
2017-09-27 14:48:07,934 INFO o.a.j.e.StandardJMeterEngine: All thread groups have been started
2017-09-27 14:48:07,935 INFO o.a.j.t.JMeterThread: Thread started: logout_ordering_app 5-1
2017-09-27 14:48:09,363 INFO o.a.j.t.JMeterThread: Thread is done: logout_ordering_app 5-1
2017-09-27 14:48:09,363 INFO o.a.j.t.JMeterThread: Thread finished: logout_ordering_app 5-1
2017-09-27 14:48:09,365 INFO o.a.j.e.StandardJMeterEngine: Notifying test listeners of end of test
2017-09-27 14:48:09,366 INFO o.a.j.s.FileServer: Close: OrderToPar/test_data.csv
2017-09-27 14:48:09,368 INFO o.a.j.s.FileServer: Close: parGroupName.csv
2017-09-27 14:48:09,370 INFO o.a.j.s.FileServer: Close: userCredentials.csv
2017-09-27 14:48:09,371 INFO o.a.j.s.FileServer: Close: OrderToPar/doc_id.csv
2017-09-27 14:48:09,372 INFO o.a.j.g.u.JMeterMenuBar: setRunning(false, *local*)
2017-09-27 15:52:16,662 INFO o.a.j.g.a.Load: Loading file: /home/leshanr/Desktop/ordering/ordering_mobile_perf/OrderToPar/orderToPar.jmx
2017-09-27 15:52:16,662 INFO o.a.j.s.FileServer: Set new base='/home/leshanr/Desktop/ordering/ordering_mobile_perf/OrderToPar'
2017-09-27 15:52:16,662 INFO o.a.j.s.SaveService: Loading file: /home/leshanr/Desktop/ordering/ordering_mobile_perf/OrderToPar/orderToPar.jmx
2017-09-27 15:52:16,827 WARN o.a.j.v.ViewResultsFullVisualizer: Error loading result renderer: org.apache.jmeter.visualizers.RenderInBrowser
java.lang.NoClassDefFoundError: javafx/embed/swing/JFXPanel
	at java.lang.Class.forName0(Native Method) ~[?:1.8.0_131]
	at java.lang.Class.forName(Class.java:264) ~[?:1.8.0_131]
	at org.apache.jmeter.visualizers.ViewResultsFullVisualizer.createComboRender(ViewResultsFullVisualizer.java:364) [ApacheJMeter_components.jar:3.2 r1790748]
	at org.apache.jmeter.visualizers.ViewResultsFullVisualizer.createLeftPanel(ViewResultsFullVisualizer.java:332) [ApacheJMeter_components.jar:3.2 r1790748]
	at org.apache.jmeter.visualizers.ViewResultsFullVisualizer.init(ViewResultsFullVisualizer.java:253) [ApacheJMeter_components.jar:3.2 r1790748]
	at org.apache.jmeter.visualizers.ViewResultsFullVisualizer.<init>(ViewResultsFullVisualizer.java:154) [ApacheJMeter_components.jar:3.2 r1790748]
	at sun.reflect.NativeConstructorAccessorImpl.newInstance0(Native Method) ~[?:1.8.0_131]
	at sun.reflect.NativeConstructorAccessorImpl.newInstance(NativeConstructorAccessorImpl.java:62) [?:1.8.0_131]
	at sun.reflect.DelegatingConstructorAccessorImpl.newInstance(DelegatingConstructorAccessorImpl.java:45) [?:1.8.0_131]
	at java.lang.reflect.Constructor.newInstance(Constructor.java:423) [?:1.8.0_131]
	at java.lang.Class.newInstance(Class.java:442) [?:1.8.0_131]
	at org.apache.jmeter.gui.GuiPackage.getGuiFromCache(GuiPackage.java:399) [ApacheJMeter_core.jar:3.2 r1790748]
	at org.apache.jmeter.gui.GuiPackage.getGui(GuiPackage.java:245) [ApacheJMeter_core.jar:3.2 r1790748]
	at org.apache.jmeter.gui.GuiPackage.getGui(GuiPackage.java:216) [ApacheJMeter_core.jar:3.2 r1790748]
	at org.apache.jmeter.gui.tree.JMeterTreeModel.addComponent(JMeterTreeModel.java:145) [ApacheJMeter_core.jar:3.2 r1790748]
	at org.apache.jmeter.gui.tree.JMeterTreeModel.addSubTree(JMeterTreeModel.java:121) [ApacheJMeter_core.jar:3.2 r1790748]
	at org.apache.jmeter.gui.tree.JMeterTreeModel.addSubTree(JMeterTreeModel.java:113) [ApacheJMeter_core.jar:3.2 r1790748]
	at org.apache.jmeter.gui.GuiPackage.addSubTree(GuiPackage.java:517) [ApacheJMeter_core.jar:3.2 r1790748]
	at org.apache.jmeter.gui.action.Load.insertLoadedTree(Load.java:194) [ApacheJMeter_core.jar:3.2 r1790748]
	at org.apache.jmeter.gui.action.Load.loadProjectFile(Load.java:131) [ApacheJMeter_core.jar:3.2 r1790748]
	at org.apache.jmeter.gui.action.Load.loadProjectFile(Load.java:102) [ApacheJMeter_core.jar:3.2 r1790748]
	at org.apache.jmeter.gui.action.LoadDraggedFile.loadProject(LoadDraggedFile.java:38) [ApacheJMeter_core.jar:3.2 r1790748]
	at org.apache.jmeter.gui.MainFrame.openJmxFilesFromDragAndDrop(MainFrame.java:829) [ApacheJMeter_core.jar:3.2 r1790748]
	at org.apache.jmeter.gui.MainFrame.drop(MainFrame.java:800) [ApacheJMeter_core.jar:3.2 r1790748]
	at java.awt.dnd.DropTarget.drop(DropTarget.java:455) [?:1.8.0_131]
	at sun.awt.dnd.SunDropTargetContextPeer.processDropMessage(SunDropTargetContextPeer.java:538) [?:1.8.0_131]
	at sun.awt.X11.XDropTargetContextPeer.processDropMessage(XDropTargetContextPeer.java:184) [?:1.8.0_131]
	at sun.awt.dnd.SunDropTargetContextPeer$EventDispatcher.dispatchDropEvent(SunDropTargetContextPeer.java:852) [?:1.8.0_131]
	at sun.awt.dnd.SunDropTargetContextPeer$EventDispatcher.dispatchEvent(SunDropTargetContextPeer.java:776) [?:1.8.0_131]
	at sun.awt.dnd.SunDropTargetEvent.dispatch(SunDropTargetEvent.java:48) [?:1.8.0_131]
	at java.awt.Component.dispatchEventImpl(Component.java:4744) [?:1.8.0_131]
	at java.awt.Container.dispatchEventImpl(Container.java:2294) [?:1.8.0_131]
	at java.awt.Window.dispatchEventImpl(Window.java:2746) [?:1.8.0_131]
	at java.awt.Component.dispatchEvent(Component.java:4711) [?:1.8.0_131]
	at java.awt.EventQueue.dispatchEventImpl(EventQueue.java:758) [?:1.8.0_131]
	at java.awt.EventQueue.access$500(EventQueue.java:97) [?:1.8.0_131]
	at java.awt.EventQueue$3.run(EventQueue.java:709) [?:1.8.0_131]
	at java.awt.EventQueue$3.run(EventQueue.java:703) [?:1.8.0_131]
	at java.security.AccessController.doPrivileged(Native Method) ~[?:1.8.0_131]
	at java.security.ProtectionDomain$JavaSecurityAccessImpl.doIntersectionPrivilege(ProtectionDomain.java:80) [?:1.8.0_131]
	at java.security.ProtectionDomain$JavaSecurityAccessImpl.doIntersectionPrivilege(ProtectionDomain.java:90) [?:1.8.0_131]
	at java.awt.EventQueue$4.run(EventQueue.java:731) [?:1.8.0_131]
	at java.awt.EventQueue$4.run(EventQueue.java:729) [?:1.8.0_131]
	at java.security.AccessController.doPrivileged(Native Method) ~[?:1.8.0_131]
	at java.security.ProtectionDomain$JavaSecurityAccessImpl.doIntersectionPrivilege(ProtectionDomain.java:80) [?:1.8.0_131]
	at java.awt.EventQueue.dispatchEvent(EventQueue.java:728) [?:1.8.0_131]
	at java.awt.EventDispatchThread.pumpOneEventForFilters(EventDispatchThread.java:201) [?:1.8.0_131]
	at java.awt.EventDispatchThread.pumpEventsForFilter(EventDispatchThread.java:116) [?:1.8.0_131]
	at java.awt.EventDispatchThread.pumpEventsForHierarchy(EventDispatchThread.java:105) [?:1.8.0_131]
	at java.awt.EventDispatchThread.pumpEvents(EventDispatchThread.java:101) [?:1.8.0_131]
	at java.awt.EventDispatchThread.pumpEvents(EventDispatchThread.java:93) [?:1.8.0_131]
	at java.awt.EventDispatchThread.run(EventDispatchThread.java:82) [?:1.8.0_131]
Caused by: java.lang.ClassNotFoundException: javafx.embed.swing.JFXPanel
	at java.net.URLClassLoader.findClass(URLClassLoader.java:381) ~[?:1.8.0_131]
	at java.lang.ClassLoader.loadClass(ClassLoader.java:424) ~[?:1.8.0_131]
	at java.lang.ClassLoader.loadClass(ClassLoader.java:357) ~[?:1.8.0_131]
	... 52 more
2017-09-27 15:52:16,862 INFO o.a.j.s.FileServer: Set new base='/home/leshanr/Desktop/ordering/ordering_mobile_perf/OrderToPar'
2017-09-27 15:56:18,473 INFO o.a.j.e.StandardJMeterEngine: Running the test!
2017-09-27 15:56:18,474 INFO o.a.j.s.SampleEvent: List of sample_variables: []
2017-09-27 15:56:18,479 INFO o.a.j.g.u.JMeterMenuBar: setRunning(true, *local*)
2017-09-27 15:56:18,710 INFO o.a.j.e.StandardJMeterEngine: Starting ThreadGroup: 1 : Delete_Test_Data_File
2017-09-27 15:56:18,710 INFO o.a.j.e.StandardJMeterEngine: Starting 1 threads for group Delete_Test_Data_File.
2017-09-27 15:56:18,710 INFO o.a.j.e.StandardJMeterEngine: Thread will start next loop on error
2017-09-27 15:56:18,711 INFO o.a.j.t.ThreadGroup: Starting thread group... number=1 threads=1 ramp-up=1 perThread=1000.0 delayedStart=false
2017-09-27 15:56:18,716 INFO o.a.j.t.ThreadGroup: Started thread group number 1
2017-09-27 15:56:18,716 INFO o.a.j.e.StandardJMeterEngine: Waiting for thread group: Delete_Test_Data_File to finish before starting next group
2017-09-27 15:56:18,717 INFO o.a.j.t.JMeterThread: Thread started: Delete_Test_Data_File 1-1
2017-09-27 15:56:18,769 INFO o.a.j.t.JMeterThread: Thread is done: Delete_Test_Data_File 1-1
2017-09-27 15:56:18,769 INFO o.a.j.t.JMeterThread: Thread finished: Delete_Test_Data_File 1-1
2017-09-27 15:56:18,769 INFO o.a.j.e.StandardJMeterEngine: Starting ThreadGroup: 2 : login_ordering_app
2017-09-27 15:56:18,770 INFO o.a.j.e.StandardJMeterEngine: Starting 1 threads for group login_ordering_app.
2017-09-27 15:56:18,770 INFO o.a.j.e.StandardJMeterEngine: Thread will start next loop on error
2017-09-27 15:56:18,770 INFO o.a.j.t.ThreadGroup: Starting thread group... number=2 threads=1 ramp-up=1 perThread=1000.0 delayedStart=false
2017-09-27 15:56:18,785 INFO o.a.j.t.ThreadGroup: Started thread group number 2
2017-09-27 15:56:18,785 INFO o.a.j.e.StandardJMeterEngine: Waiting for thread group: login_ordering_app to finish before starting next group
2017-09-27 15:56:18,786 INFO o.a.j.t.JMeterThread: Thread started: login_ordering_app 2-1
2017-09-27 15:56:18,787 INFO o.a.j.s.FileServer: Stored: userCredentials.csv
2017-09-27 16:00:59,436 INFO o.a.j.t.JMeterThread: Thread is done: login_ordering_app 2-1
2017-09-27 16:00:59,436 INFO o.a.j.t.JMeterThread: Thread finished: login_ordering_app 2-1
2017-09-27 16:00:59,437 INFO o.a.j.e.StandardJMeterEngine: Starting ThreadGroup: 3 : create_par_group
2017-09-27 16:00:59,437 INFO o.a.j.e.StandardJMeterEngine: Starting 1 threads for group create_par_group.
2017-09-27 16:00:59,437 INFO o.a.j.e.StandardJMeterEngine: Thread will start next loop on error
2017-09-27 16:00:59,437 INFO o.a.j.t.ThreadGroup: Starting thread group... number=3 threads=1 ramp-up=1 perThread=1000.0 delayedStart=false
2017-09-27 16:00:59,450 INFO o.a.j.t.ThreadGroup: Started thread group number 3
2017-09-27 16:00:59,450 INFO o.a.j.e.StandardJMeterEngine: Waiting for thread group: create_par_group to finish before starting next group
2017-09-27 16:00:59,451 INFO o.a.j.t.JMeterThread: Thread started: create_par_group 3-1
2017-09-27 16:00:59,452 INFO o.a.j.s.FileServer: Stored: OrderToPar/test_data.csv
2017-09-27 16:01:05,103 INFO o.a.j.s.FileServer: Stored: parGroupName.csv
2017-09-27 16:04:17,967 INFO o.a.j.t.JMeterThread: Thread is done: create_par_group 3-1
2017-09-27 16:04:17,968 INFO o.a.j.t.JMeterThread: Thread finished: create_par_group 3-1
2017-09-27 16:04:17,970 INFO o.a.j.e.StandardJMeterEngine: Starting ThreadGroup: 4 : Order_creation_via_order_to_par
2017-09-27 16:04:17,970 INFO o.a.j.e.StandardJMeterEngine: Starting 1 threads for group Order_creation_via_order_to_par.
2017-09-27 16:04:17,971 INFO o.a.j.e.StandardJMeterEngine: Thread will start next loop on error
2017-09-27 16:04:17,971 INFO o.a.j.t.ThreadGroup: Starting thread group... number=4 threads=1 ramp-up=1 perThread=1000.0 delayedStart=false
2017-09-27 16:04:18,005 INFO o.a.j.t.ThreadGroup: Started thread group number 4
2017-09-27 16:04:18,005 INFO o.a.j.e.StandardJMeterEngine: Waiting for thread group: Order_creation_via_order_to_par to finish before starting next group
2017-09-27 16:04:18,006 INFO o.a.j.t.JMeterThread: Thread started: Order_creation_via_order_to_par 4-1
2017-09-27 16:04:18,007 INFO o.a.j.s.FileServer: Stored: OrderToPar/doc_id.csv
2017-09-27 16:10:53,580 INFO o.a.j.t.JMeterThread: Thread is done: Order_creation_via_order_to_par 4-1
2017-09-27 16:10:53,581 INFO o.a.j.t.JMeterThread: Thread finished: Order_creation_via_order_to_par 4-1
2017-09-27 16:10:53,582 INFO o.a.j.e.StandardJMeterEngine: Starting ThreadGroup: 5 : logout_ordering_app
2017-09-27 16:10:53,583 INFO o.a.j.e.StandardJMeterEngine: Starting 1 threads for group logout_ordering_app.
2017-09-27 16:10:53,583 INFO o.a.j.e.StandardJMeterEngine: Thread will start next loop on error
2017-09-27 16:10:53,583 INFO o.a.j.t.ThreadGroup: Starting thread group... number=5 threads=1 ramp-up=1 perThread=1000.0 delayedStart=false
2017-09-27 16:10:53,585 INFO o.a.j.t.ThreadGroup: Started thread group number 5
2017-09-27 16:10:53,585 INFO o.a.j.e.StandardJMeterEngine: All thread groups have been started
2017-09-27 16:10:53,586 INFO o.a.j.t.JMeterThread: Thread started: logout_ordering_app 5-1
2017-09-27 16:11:03,567 INFO o.a.j.t.JMeterThread: Thread is done: logout_ordering_app 5-1
2017-09-27 16:11:03,568 INFO o.a.j.t.JMeterThread: Thread finished: logout_ordering_app 5-1
2017-09-27 16:11:03,570 INFO o.a.j.e.StandardJMeterEngine: Notifying test listeners of end of test
2017-09-27 16:11:03,570 INFO o.a.j.s.FileServer: Close: OrderToPar/test_data.csv
2017-09-27 16:11:03,571 INFO o.a.j.s.FileServer: Close: parGroupName.csv
2017-09-27 16:11:03,572 INFO o.a.j.s.FileServer: Close: userCredentials.csv
2017-09-27 16:11:03,573 INFO o.a.j.s.FileServer: Close: OrderToPar/doc_id.csv
2017-09-27 16:11:03,575 INFO o.a.j.g.u.JMeterMenuBar: setRunning(false, *local*)
2017-09-27 16:16:29,043 WARN o.a.j.v.ViewResultsFullVisualizer: Error loading result renderer: org.apache.jmeter.visualizers.RenderInBrowser
java.lang.NoClassDefFoundError: javafx/embed/swing/JFXPanel
	at java.lang.Class.forName0(Native Method) ~[?:1.8.0_131]
	at java.lang.Class.forName(Class.java:264) ~[?:1.8.0_131]
	at org.apache.jmeter.visualizers.ViewResultsFullVisualizer.createComboRender(ViewResultsFullVisualizer.java:364) ~[ApacheJMeter_components.jar:3.2 r1790748]
	at org.apache.jmeter.visualizers.ViewResultsFullVisualizer.createLeftPanel(ViewResultsFullVisualizer.java:332) ~[ApacheJMeter_components.jar:3.2 r1790748]
	at org.apache.jmeter.visualizers.ViewResultsFullVisualizer.init(ViewResultsFullVisualizer.java:253) ~[ApacheJMeter_components.jar:3.2 r1790748]
	at org.apache.jmeter.visualizers.ViewResultsFullVisualizer.<init>(ViewResultsFullVisualizer.java:154) ~[ApacheJMeter_components.jar:3.2 r1790748]
	at sun.reflect.NativeConstructorAccessorImpl.newInstance0(Native Method) ~[?:1.8.0_131]
	at sun.reflect.NativeConstructorAccessorImpl.newInstance(NativeConstructorAccessorImpl.java:62) ~[?:1.8.0_131]
	at sun.reflect.DelegatingConstructorAccessorImpl.newInstance(DelegatingConstructorAccessorImpl.java:45) ~[?:1.8.0_131]
	at java.lang.reflect.Constructor.newInstance(Constructor.java:423) ~[?:1.8.0_131]
	at java.lang.Class.newInstance(Class.java:442) ~[?:1.8.0_131]
	at org.apache.jmeter.gui.GuiPackage.getGuiFromCache(GuiPackage.java:399) ~[ApacheJMeter_core.jar:3.2 r1790748]
	at org.apache.jmeter.gui.GuiPackage.getGui(GuiPackage.java:245) ~[ApacheJMeter_core.jar:3.2 r1790748]
	at org.apache.jmeter.gui.GuiPackage.getGui(GuiPackage.java:216) ~[ApacheJMeter_core.jar:3.2 r1790748]
	at org.apache.jmeter.gui.GuiPackage.updateCurrentNode(GuiPackage.java:444) ~[ApacheJMeter_core.jar:3.2 r1790748]
	at org.apache.jmeter.gui.GuiPackage.updateCurrentGui(GuiPackage.java:413) ~[ApacheJMeter_core.jar:3.2 r1790748]
	at org.apache.jmeter.gui.action.Remove.doAction(Remove.java:83) ~[ApacheJMeter_core.jar:3.2 r1790748]
	at org.apache.jmeter.gui.action.ActionRouter.performAction(ActionRouter.java:74) ~[ApacheJMeter_core.jar:3.2 r1790748]
	at org.apache.jmeter.gui.action.ActionRouter.lambda$actionPerformed$0(ActionRouter.java:59) ~[ApacheJMeter_core.jar:3.2 r1790748]
	at java.awt.event.InvocationEvent.dispatch(InvocationEvent.java:311) [?:1.8.0_131]
	at java.awt.EventQueue.dispatchEventImpl(EventQueue.java:756) [?:1.8.0_131]
	at java.awt.EventQueue.access$500(EventQueue.java:97) [?:1.8.0_131]
	at java.awt.EventQueue$3.run(EventQueue.java:709) [?:1.8.0_131]
	at java.awt.EventQueue$3.run(EventQueue.java:703) [?:1.8.0_131]
	at java.security.AccessController.doPrivileged(Native Method) ~[?:1.8.0_131]
	at java.security.ProtectionDomain$JavaSecurityAccessImpl.doIntersectionPrivilege(ProtectionDomain.java:80) [?:1.8.0_131]
	at java.awt.EventQueue.dispatchEvent(EventQueue.java:726) [?:1.8.0_131]
	at java.awt.EventDispatchThread.pumpOneEventForFilters(EventDispatchThread.java:201) [?:1.8.0_131]
	at java.awt.EventDispatchThread.pumpEventsForFilter(EventDispatchThread.java:116) [?:1.8.0_131]
	at java.awt.EventDispatchThread.pumpEventsForHierarchy(EventDispatchThread.java:105) [?:1.8.0_131]
	at java.awt.EventDispatchThread.pumpEvents(EventDispatchThread.java:101) [?:1.8.0_131]
	at java.awt.EventDispatchThread.pumpEvents(EventDispatchThread.java:93) [?:1.8.0_131]
	at java.awt.EventDispatchThread.run(EventDispatchThread.java:82) [?:1.8.0_131]
Caused by: java.lang.ClassNotFoundException: javafx.embed.swing.JFXPanel
	at java.net.URLClassLoader.findClass(URLClassLoader.java:381) ~[?:1.8.0_131]
	at java.lang.ClassLoader.loadClass(ClassLoader.java:424) ~[?:1.8.0_131]
	at java.lang.ClassLoader.loadClass(ClassLoader.java:357) ~[?:1.8.0_131]
	... 33 more
