2017-09-13 20:41:01,293 INFO o.a.j.u.JMeterUtils: Setting Locale to en_US
2017-09-13 20:41:01,304 INFO o.a.j.JMeter: Loading user properties from: user.properties
2017-09-13 20:41:01,305 INFO o.a.j.JMeter: Loading system properties from: system.properties
2017-09-13 20:41:01,311 INFO o.a.j.JMeter: Copyright (c) 1998-2017 The Apache Software Foundation
2017-09-13 20:41:01,311 INFO o.a.j.JMeter: Version 3.2 r1790748
2017-09-13 20:41:01,311 INFO o.a.j.JMeter: java.version=1.8.0_131
2017-09-13 20:41:01,311 INFO o.a.j.JMeter: java.vm.name=OpenJDK 64-Bit Server VM
2017-09-13 20:41:01,312 INFO o.a.j.JMeter: os.name=Linux
2017-09-13 20:41:01,312 INFO o.a.j.JMeter: os.arch=amd64
2017-09-13 20:41:01,312 INFO o.a.j.JMeter: os.version=4.10.0-33-generic
2017-09-13 20:41:01,312 INFO o.a.j.JMeter: file.encoding=UTF-8
2017-09-13 20:41:01,312 INFO o.a.j.JMeter: Max memory     =536870912
2017-09-13 20:41:01,312 INFO o.a.j.JMeter: Available Processors =4
2017-09-13 20:41:01,317 INFO o.a.j.JMeter: Default Locale=English (United States)
2017-09-13 20:41:01,318 INFO o.a.j.JMeter: JMeter  Locale=English (United States)
2017-09-13 20:41:01,318 INFO o.a.j.JMeter: JMeterHome=/home/leshanr/Downloads/apache-jmeter-3.2
2017-09-13 20:41:01,318 INFO o.a.j.JMeter: user.dir  =/home/leshanr/Downloads/apache-jmeter-3.2/bin
2017-09-13 20:41:01,318 INFO o.a.j.JMeter: PWD       =/home/leshanr/Downloads/apache-jmeter-3.2/bin
2017-09-13 20:41:01,318 INFO o.a.j.JMeter: IP: 127.0.1.1 Name: admin FullName: admin
2017-09-13 20:41:01,321 INFO o.a.j.s.FileServer: Default base='/home/leshanr/Downloads/apache-jmeter-3.2/bin'
2017-09-13 20:41:01,321 INFO o.a.j.s.FileServer: Set new base='/home/leshanr/Desktop/Perf2.7'
2017-09-13 20:41:01,419 INFO o.a.j.s.SaveService: Testplan (JMX) version: 2.2. Testlog (JTL) version: 2.2
2017-09-13 20:41:01,434 INFO o.a.j.s.SaveService: Using SaveService properties file encoding UTF-8
2017-09-13 20:41:01,439 INFO o.a.j.s.SaveService: Using SaveService properties version 3.2
2017-09-13 20:41:01,453 INFO o.a.j.s.SaveService: Loading file: /home/leshanr/Desktop/Perf2.7/orderToPar_baseline.jmx
2017-09-13 20:41:01,535 INFO o.a.j.p.h.s.HTTPSamplerBase: Parser for text/html is org.apache.jmeter.protocol.http.parser.LagartoBasedHtmlParser
2017-09-13 20:41:01,536 INFO o.a.j.p.h.s.HTTPSamplerBase: Parser for application/xhtml+xml is org.apache.jmeter.protocol.http.parser.LagartoBasedHtmlParser
2017-09-13 20:41:01,536 INFO o.a.j.p.h.s.HTTPSamplerBase: Parser for application/xml is org.apache.jmeter.protocol.http.parser.LagartoBasedHtmlParser
2017-09-13 20:41:01,536 INFO o.a.j.p.h.s.HTTPSamplerBase: Parser for text/xml is org.apache.jmeter.protocol.http.parser.LagartoBasedHtmlParser
2017-09-13 20:41:01,536 INFO o.a.j.p.h.s.HTTPSamplerBase: Parser for text/vnd.wap.wml is org.apache.jmeter.protocol.http.parser.RegexpHTMLParser
2017-09-13 20:41:01,536 INFO o.a.j.p.h.s.HTTPSamplerBase: Parser for text/css is org.apache.jmeter.protocol.http.parser.CssParser
2017-09-13 20:41:01,866 INFO o.a.j.JMeter: Creating summariser <summary>
2017-09-13 20:41:01,876 INFO o.a.j.e.StandardJMeterEngine: Running the test!
2017-09-13 20:41:01,877 INFO o.a.j.s.SampleEvent: List of sample_variables: []
2017-09-13 20:41:01,877 INFO o.a.j.s.SampleEvent: List of sample_variables: []
2017-09-13 20:41:01,886 INFO o.a.j.e.u.CompoundVariable: Note: Function class names must contain the string: '.functions.'
2017-09-13 20:41:01,886 INFO o.a.j.e.u.CompoundVariable: Note: Function class names must not contain the string: '.gui.'
2017-09-13 20:41:02,282 INFO o.a.j.JMeter: Running test (1505315462282)
2017-09-13 20:41:02,337 INFO o.a.j.e.StandardJMeterEngine: Starting ThreadGroup: 1 : Thread Group
2017-09-13 20:41:02,337 INFO o.a.j.e.StandardJMeterEngine: Starting 1 threads for group Thread Group.
2017-09-13 20:41:02,337 INFO o.a.j.e.StandardJMeterEngine: Thread will continue on error
2017-09-13 20:41:02,337 INFO o.a.j.t.ThreadGroup: Starting thread group... number=1 threads=1 ramp-up=0 perThread=0.0 delayedStart=false
2017-09-13 20:41:02,422 INFO o.a.j.t.ThreadGroup: Started thread group number 1
2017-09-13 20:41:02,422 INFO o.a.j.e.StandardJMeterEngine: All thread groups have been started
2017-09-13 20:41:02,439 INFO o.a.j.s.SampleResult: Note: Sample TimeStamps are START times
2017-09-13 20:41:02,439 INFO o.a.j.s.SampleResult: sampleresult.default.encoding is set to ISO-8859-1
2017-09-13 20:41:02,440 INFO o.a.j.s.SampleResult: sampleresult.useNanoTime=true
2017-09-13 20:41:02,441 INFO o.a.j.s.SampleResult: sampleresult.nanoThreadSleep=5000
2017-09-13 20:41:02,451 INFO o.a.j.t.JMeterThread: Thread started: Thread Group 1-1
2017-09-13 20:41:02,465 INFO o.a.j.s.FileServer: Stored: userCredentials.csv
2017-09-13 20:41:02,510 INFO o.a.j.p.h.s.HTTPHCAbstractImpl: Local host = admin
2017-09-13 20:41:02,517 INFO o.a.j.p.h.s.HTTPHC4Impl: HTTP request retry count = 0
2017-09-13 20:41:02,721 INFO o.a.j.p.h.s.LazySchemeSocketFactory: Setting up HTTPS TrustAll Socket Factory
2017-09-13 20:41:02,734 INFO o.a.j.u.JsseSSLManager: Using default SSL protocol: TLS
2017-09-13 20:41:02,734 INFO o.a.j.u.JsseSSLManager: SSL session context: per-thread
2017-09-13 20:41:02,870 INFO o.a.j.u.SSLManager: JmeterKeyStore Location:  type JKS
2017-09-13 20:41:02,871 INFO o.a.j.u.SSLManager: KeyStore created OK
2017-09-13 20:41:02,871 WARN o.a.j.u.SSLManager: Keystore file not found, loading empty keystore
2017-09-13 20:41:35,079 INFO o.a.j.s.FileServer: Stored: parGroupName.csv
2017-09-13 20:41:56,386 INFO o.a.j.t.JMeterThread: Thread is done: Thread Group 1-1
2017-09-13 20:41:56,386 INFO o.a.j.t.JMeterThread: Thread finished: Thread Group 1-1
2017-09-13 20:41:56,388 INFO o.a.j.e.StandardJMeterEngine: Notifying test listeners of end of test
2017-09-13 20:41:56,388 INFO o.a.j.s.FileServer: Close: parGroupName.csv
2017-09-13 20:41:56,389 INFO o.a.j.s.FileServer: Close: userCredentials.csv
2017-09-13 20:41:56,390 INFO o.a.j.r.Summariser: summary =      0 in 00:00:00 = ******/s Avg:     0 Min: 9223372036854775807 Max: -9223372036854775808 Err:     0 (0.00%)
