2017-11-13 20:08:22,657 INFO o.a.j.u.JMeterUtils: Setting Locale to en_US
2017-11-13 20:08:22,668 INFO o.a.j.JMeter: Loading user properties from: user.properties
2017-11-13 20:08:22,668 INFO o.a.j.JMeter: Loading system properties from: system.properties
2017-11-13 20:08:22,673 INFO o.a.j.JMeter: Copyright (c) 1998-2017 The Apache Software Foundation
2017-11-13 20:08:22,673 INFO o.a.j.JMeter: Version 3.2 r1790748
2017-11-13 20:08:22,673 INFO o.a.j.JMeter: java.version=1.8.0_151
2017-11-13 20:08:22,673 INFO o.a.j.JMeter: java.vm.name=OpenJDK 64-Bit Server VM
2017-11-13 20:08:22,673 INFO o.a.j.JMeter: os.name=Linux
2017-11-13 20:08:22,673 INFO o.a.j.JMeter: os.arch=amd64
2017-11-13 20:08:22,673 INFO o.a.j.JMeter: os.version=4.4.0-98-generic
2017-11-13 20:08:22,673 INFO o.a.j.JMeter: file.encoding=UTF-8
2017-11-13 20:08:22,673 INFO o.a.j.JMeter: Max memory     =1836580864
2017-11-13 20:08:22,674 INFO o.a.j.JMeter: Available Processors =4
2017-11-13 20:08:22,677 INFO o.a.j.JMeter: Default Locale=English (United States)
2017-11-13 20:08:22,677 INFO o.a.j.JMeter: JMeter  Locale=English (United States)
2017-11-13 20:08:22,677 INFO o.a.j.JMeter: JMeterHome=/home/lusithaperera/Documents/Orderin_Perf/ordering_mobile_perf/jmeter
2017-11-13 20:08:22,677 INFO o.a.j.JMeter: user.dir  =/home/lusithaperera/Documents/Orderin_Perf/ordering_mobile_perf/jmeter/bin
2017-11-13 20:08:22,677 INFO o.a.j.JMeter: PWD       =/home/lusithaperera/Documents/Orderin_Perf/ordering_mobile_perf/jmeter/bin
2017-11-13 20:08:22,678 INFO o.a.j.JMeter: IP: 127.0.1.1 Name: admin FullName: admin
2017-11-13 20:08:22,916 INFO o.a.j.g.a.LookAndFeelCommand: Using look and feel: javax.swing.plaf.metal.MetalLookAndFeel [Metal, CrossPlatform]
2017-11-13 20:08:22,925 INFO o.a.j.JMeter: Loaded icon properties from org/apache/jmeter/images/icon.properties
2017-11-13 20:08:23,591 INFO o.a.j.e.u.CompoundVariable: Note: Function class names must contain the string: '.functions.'
2017-11-13 20:08:23,592 INFO o.a.j.e.u.CompoundVariable: Note: Function class names must not contain the string: '.gui.'
2017-11-13 20:08:25,715 INFO o.a.j.g.u.MenuFactory: Skipping org.apache.jmeter.assertions.BSFAssertion
2017-11-13 20:08:26,106 INFO o.a.j.g.u.MenuFactory: Skipping org.apache.jmeter.extractor.BSFPostProcessor
2017-11-13 20:08:26,154 INFO o.a.j.g.u.MenuFactory: Skipping org.apache.jmeter.modifiers.BSFPreProcessor
2017-11-13 20:08:26,198 INFO o.a.j.p.h.s.HTTPSamplerBase: Parser for text/html is org.apache.jmeter.protocol.http.parser.LagartoBasedHtmlParser
2017-11-13 20:08:26,199 INFO o.a.j.p.h.s.HTTPSamplerBase: Parser for application/xhtml+xml is org.apache.jmeter.protocol.http.parser.LagartoBasedHtmlParser
2017-11-13 20:08:26,199 INFO o.a.j.p.h.s.HTTPSamplerBase: Parser for application/xml is org.apache.jmeter.protocol.http.parser.LagartoBasedHtmlParser
2017-11-13 20:08:26,199 INFO o.a.j.p.h.s.HTTPSamplerBase: Parser for text/xml is org.apache.jmeter.protocol.http.parser.LagartoBasedHtmlParser
2017-11-13 20:08:26,199 INFO o.a.j.p.h.s.HTTPSamplerBase: Parser for text/vnd.wap.wml is org.apache.jmeter.protocol.http.parser.RegexpHTMLParser
2017-11-13 20:08:26,199 INFO o.a.j.p.h.s.HTTPSamplerBase: Parser for text/css is org.apache.jmeter.protocol.http.parser.CssParser
2017-11-13 20:08:26,644 INFO o.a.j.e.KeyToolUtils: keytool found at 'keytool'
2017-11-13 20:08:26,649 INFO o.a.j.p.h.p.ProxyControl: HTTP(S) Test Script Recorder SSL Proxy will use keys that support embedded 3rd party resources in file /home/lusithaperera/Documents/Orderin_Perf/ordering_mobile_perf/jmeter/bin/proxyserver.jks
2017-11-13 20:08:26,935 INFO o.a.j.g.u.MenuFactory: Skipping org.apache.jmeter.protocol.java.sampler.BSFSampler
2017-11-13 20:08:26,994 INFO o.a.j.s.FileServer: Default base='/home/lusithaperera/Documents/Orderin_Perf/ordering_mobile_perf/jmeter/bin'
2017-11-13 20:08:27,086 INFO o.j.r.PluginManager: Plugins Status: [jpgc-graphs-basic=2.0, jpgc-functions=2.0, jpgc-casutg=2.1, jpgc-dummy=0.2, jpgc-ffw=2.0, jpgc-fifo=0.2, jpgc-perfmon=2.1, jpgc-plugins-manager=0.16, jpgc-tst=2.1, jmeter-core=3.2, jmeter-ftp=3.2, jmeter-http=3.2, jmeter-jdbc=3.2, jmeter-jms=3.2, jmeter-junit=3.2, jmeter-java=3.2, jmeter-ldap=3.2, jmeter-mail=3.2, jmeter-mongodb=3.2, jmeter-native=3.2, jmeter-tcp=3.2, jmeter-components=3.2, jpgc-standard=2.0]
2017-11-13 20:08:27,091 INFO o.j.r.PluginManagerMenuItem: Plugins Manager has upgrades: [jpgc-casutg]
2017-11-13 20:08:27,104 INFO o.a.j.g.u.MenuFactory: Skipping org.apache.jmeter.protocol.mongodb.config.MongoSourceElement
2017-11-13 20:08:27,105 INFO o.a.j.g.u.MenuFactory: Skipping org.apache.jmeter.protocol.mongodb.sampler.MongoScriptSampler
2017-11-13 20:08:27,269 INFO o.a.j.g.u.MenuFactory: Skipping org.apache.jmeter.timers.BSFTimer
2017-11-13 20:08:27,303 INFO o.a.j.g.u.MenuFactory: Skipping org.apache.jmeter.visualizers.BSFListener
2017-11-13 20:08:27,446 INFO o.a.j.s.SampleResult: Note: Sample TimeStamps are START times
2017-11-13 20:08:27,446 INFO o.a.j.s.SampleResult: sampleresult.default.encoding is set to ISO-8859-1
2017-11-13 20:08:27,446 INFO o.a.j.s.SampleResult: sampleresult.useNanoTime=true
2017-11-13 20:08:27,446 INFO o.a.j.s.SampleResult: sampleresult.nanoThreadSleep=5000
2017-11-13 20:08:27,462 WARN o.a.j.v.ViewResultsFullVisualizer: Error loading result renderer: org.apache.jmeter.visualizers.RenderInBrowser
java.lang.NoClassDefFoundError: javafx/embed/swing/JFXPanel
	at java.lang.Class.forName0(Native Method) ~[?:1.8.0_151]
	at java.lang.Class.forName(Class.java:264) ~[?:1.8.0_151]
	at org.apache.jmeter.visualizers.ViewResultsFullVisualizer.createComboRender(ViewResultsFullVisualizer.java:364) ~[ApacheJMeter_components.jar:3.2 r1790748]
	at org.apache.jmeter.visualizers.ViewResultsFullVisualizer.createLeftPanel(ViewResultsFullVisualizer.java:332) ~[ApacheJMeter_components.jar:3.2 r1790748]
	at org.apache.jmeter.visualizers.ViewResultsFullVisualizer.init(ViewResultsFullVisualizer.java:253) ~[ApacheJMeter_components.jar:3.2 r1790748]
	at org.apache.jmeter.visualizers.ViewResultsFullVisualizer.<init>(ViewResultsFullVisualizer.java:154) ~[ApacheJMeter_components.jar:3.2 r1790748]
	at sun.reflect.NativeConstructorAccessorImpl.newInstance0(Native Method) ~[?:1.8.0_151]
	at sun.reflect.NativeConstructorAccessorImpl.newInstance(NativeConstructorAccessorImpl.java:62) ~[?:1.8.0_151]
	at sun.reflect.DelegatingConstructorAccessorImpl.newInstance(DelegatingConstructorAccessorImpl.java:45) ~[?:1.8.0_151]
	at java.lang.reflect.Constructor.newInstance(Constructor.java:423) ~[?:1.8.0_151]
	at java.lang.Class.newInstance(Class.java:442) ~[?:1.8.0_151]
	at org.apache.jmeter.gui.util.MenuFactory.initializeMenus(MenuFactory.java:505) ~[ApacheJMeter_core.jar:3.2 r1790748]
	at org.apache.jmeter.gui.util.MenuFactory.<clinit>(MenuFactory.java:169) ~[ApacheJMeter_core.jar:3.2 r1790748]
	at org.apache.jmeter.control.gui.TestPlanGui.createPopupMenu(TestPlanGui.java:93) ~[ApacheJMeter_core.jar:3.2 r1790748]
	at org.apache.jmeter.gui.tree.JMeterTreeNode.createPopupMenu(JMeterTreeNode.java:156) ~[ApacheJMeter_core.jar:3.2 r1790748]
	at org.apache.jmeter.gui.action.EditCommand.doAction(EditCommand.java:46) ~[ApacheJMeter_core.jar:3.2 r1790748]
	at org.apache.jmeter.gui.action.ActionRouter.performAction(ActionRouter.java:74) ~[ApacheJMeter_core.jar:3.2 r1790748]
	at org.apache.jmeter.gui.action.ActionRouter.lambda$actionPerformed$0(ActionRouter.java:59) ~[ApacheJMeter_core.jar:3.2 r1790748]
	at java.awt.event.InvocationEvent.dispatch(InvocationEvent.java:311) [?:1.8.0_151]
	at java.awt.EventQueue.dispatchEventImpl(EventQueue.java:756) [?:1.8.0_151]
	at java.awt.EventQueue.access$500(EventQueue.java:97) [?:1.8.0_151]
	at java.awt.EventQueue$3.run(EventQueue.java:709) [?:1.8.0_151]
	at java.awt.EventQueue$3.run(EventQueue.java:703) [?:1.8.0_151]
	at java.security.AccessController.doPrivileged(Native Method) ~[?:1.8.0_151]
	at java.security.ProtectionDomain$JavaSecurityAccessImpl.doIntersectionPrivilege(ProtectionDomain.java:80) [?:1.8.0_151]
	at java.awt.EventQueue.dispatchEvent(EventQueue.java:726) [?:1.8.0_151]
	at java.awt.EventDispatchThread.pumpOneEventForFilters(EventDispatchThread.java:201) [?:1.8.0_151]
	at java.awt.EventDispatchThread.pumpEventsForFilter(EventDispatchThread.java:116) [?:1.8.0_151]
	at java.awt.EventDispatchThread.pumpEventsForHierarchy(EventDispatchThread.java:105) [?:1.8.0_151]
	at java.awt.EventDispatchThread.pumpEvents(EventDispatchThread.java:101) [?:1.8.0_151]
	at java.awt.EventDispatchThread.pumpEvents(EventDispatchThread.java:93) [?:1.8.0_151]
	at java.awt.EventDispatchThread.run(EventDispatchThread.java:82) [?:1.8.0_151]
Caused by: java.lang.ClassNotFoundException: javafx.embed.swing.JFXPanel
	at java.net.URLClassLoader.findClass(URLClassLoader.java:381) ~[?:1.8.0_151]
	at java.lang.ClassLoader.loadClass(ClassLoader.java:424) ~[?:1.8.0_151]
	at java.lang.ClassLoader.loadClass(ClassLoader.java:357) ~[?:1.8.0_151]
	... 32 more
2017-11-13 20:08:41,701 INFO o.a.j.g.a.Load: Loading file: /home/lusithaperera/Documents/Orderin_Perf/ordering_mobile_perf/InventoryList/Sysco_order_via_Inventory_List.jmx
2017-11-13 20:08:41,702 INFO o.a.j.s.FileServer: Set new base='/home/lusithaperera/Documents/Orderin_Perf/ordering_mobile_perf/InventoryList'
2017-11-13 20:08:41,791 INFO o.a.j.s.SaveService: Testplan (JMX) version: 2.2. Testlog (JTL) version: 2.2
2017-11-13 20:08:41,799 INFO o.a.j.s.SaveService: Using SaveService properties file encoding UTF-8
2017-11-13 20:08:41,800 INFO o.a.j.s.SaveService: Using SaveService properties version 3.2
2017-11-13 20:08:41,803 INFO o.a.j.s.SaveService: Loading file: /home/lusithaperera/Documents/Orderin_Perf/ordering_mobile_perf/InventoryList/Sysco_order_via_Inventory_List.jmx
2017-11-13 20:08:42,377 WARN o.a.j.v.ViewResultsFullVisualizer: Error loading result renderer: org.apache.jmeter.visualizers.RenderInBrowser
java.lang.NoClassDefFoundError: javafx/embed/swing/JFXPanel
	at java.lang.Class.forName0(Native Method) ~[?:1.8.0_151]
	at java.lang.Class.forName(Class.java:264) ~[?:1.8.0_151]
	at org.apache.jmeter.visualizers.ViewResultsFullVisualizer.createComboRender(ViewResultsFullVisualizer.java:364) [ApacheJMeter_components.jar:3.2 r1790748]
	at org.apache.jmeter.visualizers.ViewResultsFullVisualizer.createLeftPanel(ViewResultsFullVisualizer.java:332) [ApacheJMeter_components.jar:3.2 r1790748]
	at org.apache.jmeter.visualizers.ViewResultsFullVisualizer.init(ViewResultsFullVisualizer.java:253) [ApacheJMeter_components.jar:3.2 r1790748]
	at org.apache.jmeter.visualizers.ViewResultsFullVisualizer.<init>(ViewResultsFullVisualizer.java:154) [ApacheJMeter_components.jar:3.2 r1790748]
	at sun.reflect.NativeConstructorAccessorImpl.newInstance0(Native Method) ~[?:1.8.0_151]
	at sun.reflect.NativeConstructorAccessorImpl.newInstance(NativeConstructorAccessorImpl.java:62) [?:1.8.0_151]
	at sun.reflect.DelegatingConstructorAccessorImpl.newInstance(DelegatingConstructorAccessorImpl.java:45) [?:1.8.0_151]
	at java.lang.reflect.Constructor.newInstance(Constructor.java:423) [?:1.8.0_151]
	at java.lang.Class.newInstance(Class.java:442) [?:1.8.0_151]
	at org.apache.jmeter.gui.GuiPackage.getGuiFromCache(GuiPackage.java:399) [ApacheJMeter_core.jar:3.2 r1790748]
	at org.apache.jmeter.gui.GuiPackage.getGui(GuiPackage.java:245) [ApacheJMeter_core.jar:3.2 r1790748]
	at org.apache.jmeter.gui.GuiPackage.getGui(GuiPackage.java:216) [ApacheJMeter_core.jar:3.2 r1790748]
	at org.apache.jmeter.gui.tree.JMeterTreeModel.addComponent(JMeterTreeModel.java:145) [ApacheJMeter_core.jar:3.2 r1790748]
	at org.apache.jmeter.gui.tree.JMeterTreeModel.addSubTree(JMeterTreeModel.java:121) [ApacheJMeter_core.jar:3.2 r1790748]
	at org.apache.jmeter.gui.tree.JMeterTreeModel.addSubTree(JMeterTreeModel.java:113) [ApacheJMeter_core.jar:3.2 r1790748]
	at org.apache.jmeter.gui.GuiPackage.addSubTree(GuiPackage.java:517) [ApacheJMeter_core.jar:3.2 r1790748]
	at org.apache.jmeter.gui.action.Load.insertLoadedTree(Load.java:194) [ApacheJMeter_core.jar:3.2 r1790748]
	at org.apache.jmeter.gui.action.Load.loadProjectFile(Load.java:131) [ApacheJMeter_core.jar:3.2 r1790748]
	at org.apache.jmeter.gui.action.Load.loadProjectFile(Load.java:102) [ApacheJMeter_core.jar:3.2 r1790748]
	at org.apache.jmeter.gui.action.LoadDraggedFile.loadProject(LoadDraggedFile.java:38) [ApacheJMeter_core.jar:3.2 r1790748]
	at org.apache.jmeter.gui.MainFrame.openJmxFilesFromDragAndDrop(MainFrame.java:829) [ApacheJMeter_core.jar:3.2 r1790748]
	at org.apache.jmeter.gui.tree.JMeterTreeTransferHandler.importData(JMeterTreeTransferHandler.java:216) [ApacheJMeter_core.jar:3.2 r1790748]
	at javax.swing.TransferHandler$DropHandler.drop(TransferHandler.java:1544) [?:1.8.0_151]
	at java.awt.dnd.DropTarget.drop(DropTarget.java:455) [?:1.8.0_151]
	at javax.swing.TransferHandler$SwingDropTarget.drop(TransferHandler.java:1282) [?:1.8.0_151]
	at sun.awt.dnd.SunDropTargetContextPeer.processDropMessage(SunDropTargetContextPeer.java:538) [?:1.8.0_151]
	at sun.awt.X11.XDropTargetContextPeer.processDropMessage(XDropTargetContextPeer.java:184) [?:1.8.0_151]
	at sun.awt.dnd.SunDropTargetContextPeer$EventDispatcher.dispatchDropEvent(SunDropTargetContextPeer.java:852) [?:1.8.0_151]
	at sun.awt.dnd.SunDropTargetContextPeer$EventDispatcher.dispatchEvent(SunDropTargetContextPeer.java:776) [?:1.8.0_151]
	at sun.awt.dnd.SunDropTargetEvent.dispatch(SunDropTargetEvent.java:48) [?:1.8.0_151]
	at java.awt.Component.dispatchEventImpl(Component.java:4744) [?:1.8.0_151]
	at java.awt.Container.dispatchEventImpl(Container.java:2294) [?:1.8.0_151]
	at java.awt.Component.dispatchEvent(Component.java:4711) [?:1.8.0_151]
	at java.awt.LightweightDispatcher.retargetMouseEvent(Container.java:4888) [?:1.8.0_151]
	at java.awt.LightweightDispatcher.processDropTargetEvent(Container.java:4599) [?:1.8.0_151]
	at java.awt.LightweightDispatcher.dispatchEvent(Container.java:4461) [?:1.8.0_151]
	at java.awt.Container.dispatchEventImpl(Container.java:2280) [?:1.8.0_151]
	at java.awt.Window.dispatchEventImpl(Window.java:2746) [?:1.8.0_151]
	at java.awt.Component.dispatchEvent(Component.java:4711) [?:1.8.0_151]
	at java.awt.EventQueue.dispatchEventImpl(EventQueue.java:758) [?:1.8.0_151]
	at java.awt.EventQueue.access$500(EventQueue.java:97) [?:1.8.0_151]
	at java.awt.EventQueue$3.run(EventQueue.java:709) [?:1.8.0_151]
	at java.awt.EventQueue$3.run(EventQueue.java:703) [?:1.8.0_151]
	at java.security.AccessController.doPrivileged(Native Method) ~[?:1.8.0_151]
	at java.security.ProtectionDomain$JavaSecurityAccessImpl.doIntersectionPrivilege(ProtectionDomain.java:80) [?:1.8.0_151]
	at java.security.ProtectionDomain$JavaSecurityAccessImpl.doIntersectionPrivilege(ProtectionDomain.java:90) [?:1.8.0_151]
	at java.awt.EventQueue$4.run(EventQueue.java:731) [?:1.8.0_151]
	at java.awt.EventQueue$4.run(EventQueue.java:729) [?:1.8.0_151]
	at java.security.AccessController.doPrivileged(Native Method) ~[?:1.8.0_151]
	at java.security.ProtectionDomain$JavaSecurityAccessImpl.doIntersectionPrivilege(ProtectionDomain.java:80) [?:1.8.0_151]
	at java.awt.EventQueue.dispatchEvent(EventQueue.java:728) [?:1.8.0_151]
	at java.awt.EventDispatchThread.pumpOneEventForFilters(EventDispatchThread.java:201) [?:1.8.0_151]
	at java.awt.EventDispatchThread.pumpEventsForFilter(EventDispatchThread.java:116) [?:1.8.0_151]
	at java.awt.EventDispatchThread.pumpEventsForHierarchy(EventDispatchThread.java:105) [?:1.8.0_151]
	at java.awt.EventDispatchThread.pumpEvents(EventDispatchThread.java:101) [?:1.8.0_151]
	at java.awt.EventDispatchThread.pumpEvents(EventDispatchThread.java:93) [?:1.8.0_151]
	at java.awt.EventDispatchThread.run(EventDispatchThread.java:82) [?:1.8.0_151]
Caused by: java.lang.ClassNotFoundException: javafx.embed.swing.JFXPanel
	at java.net.URLClassLoader.findClass(URLClassLoader.java:381) ~[?:1.8.0_151]
	at java.lang.ClassLoader.loadClass(ClassLoader.java:424) ~[?:1.8.0_151]
	at java.lang.ClassLoader.loadClass(ClassLoader.java:357) ~[?:1.8.0_151]
	... 59 more
2017-11-13 20:08:42,447 INFO o.a.j.s.FileServer: Set new base='/home/lusithaperera/Documents/Orderin_Perf/ordering_mobile_perf/InventoryList'
2017-11-13 20:11:50,205 INFO o.a.j.e.StandardJMeterEngine: Running the test!
2017-11-13 20:11:50,205 INFO o.a.j.s.SampleEvent: List of sample_variables: []
2017-11-13 20:11:50,205 INFO o.a.j.s.SampleEvent: List of sample_variables: []
2017-11-13 20:11:50,234 INFO o.a.j.g.u.JMeterMenuBar: setRunning(true, *local*)
2017-11-13 20:11:50,446 INFO o.a.j.e.StandardJMeterEngine: Starting ThreadGroup: 1 : Delete_Test_Data_File
2017-11-13 20:11:50,446 INFO o.a.j.e.StandardJMeterEngine: Starting 1 threads for group Delete_Test_Data_File.
2017-11-13 20:11:50,446 INFO o.a.j.e.StandardJMeterEngine: Thread will continue on error
2017-11-13 20:11:50,448 INFO o.a.j.t.ThreadGroup: Starting thread group... number=1 threads=1 ramp-up=1 perThread=1000.0 delayedStart=false
2017-11-13 20:11:50,480 INFO o.a.j.t.ThreadGroup: Started thread group number 1
2017-11-13 20:11:50,481 INFO o.a.j.e.StandardJMeterEngine: Waiting for thread group: Delete_Test_Data_File to finish before starting next group
2017-11-13 20:11:50,481 INFO o.a.j.t.JMeterThread: Thread started: Delete_Test_Data_File 1-1
2017-11-13 20:11:50,512 INFO o.a.j.t.JMeterThread: Thread is done: Delete_Test_Data_File 1-1
2017-11-13 20:11:50,512 INFO o.a.j.t.JMeterThread: Thread finished: Delete_Test_Data_File 1-1
2017-11-13 20:11:50,512 INFO o.a.j.e.StandardJMeterEngine: Starting ThreadGroup: 2 : login_ordering_app
2017-11-13 20:11:50,512 INFO o.a.j.e.StandardJMeterEngine: Starting 1 threads for group login_ordering_app.
2017-11-13 20:11:50,512 INFO o.a.j.e.StandardJMeterEngine: Thread will continue on error
2017-11-13 20:11:50,512 INFO o.a.j.t.ThreadGroup: Starting thread group... number=2 threads=1 ramp-up=1 perThread=1000.0 delayedStart=false
2017-11-13 20:11:50,527 INFO o.a.j.t.ThreadGroup: Started thread group number 2
2017-11-13 20:11:50,528 INFO o.a.j.e.StandardJMeterEngine: Waiting for thread group: login_ordering_app to finish before starting next group
2017-11-13 20:11:50,529 INFO o.a.j.t.JMeterThread: Thread started: login_ordering_app 2-1
2017-11-13 20:11:50,531 INFO o.a.j.s.FileServer: Stored: userCredentials.csv
2017-11-13 20:11:50,542 INFO o.a.j.p.h.s.HTTPHCAbstractImpl: Local host = admin
2017-11-13 20:11:50,545 INFO o.a.j.p.h.s.HTTPHC4Impl: HTTP request retry count = 0
2017-11-13 20:11:50,759 INFO o.a.j.p.h.s.LazySchemeSocketFactory: Setting up HTTPS TrustAll Socket Factory
2017-11-13 20:11:50,765 INFO o.a.j.u.JsseSSLManager: Using default SSL protocol: TLS
2017-11-13 20:11:50,765 INFO o.a.j.u.JsseSSLManager: SSL session context: per-thread
2017-11-13 20:11:50,797 INFO o.a.j.u.SSLManager: JmeterKeyStore Location:  type JKS
2017-11-13 20:11:50,799 INFO o.a.j.u.SSLManager: KeyStore created OK
2017-11-13 20:11:50,800 WARN o.a.j.u.SSLManager: Keystore file not found, loading empty keystore
2017-11-13 20:12:12,282 ERROR o.a.j.u.BeanShellInterpreter: Error invoking bsh method: eval	Sourced file: inline evaluation of: ``import java.io.*;   String filename= "InventoryList/test_data.csv";  FileWriter  . . . '' : Typed variable declaration : Object constructor
2017-11-13 20:12:12,283 WARN o.a.j.p.j.s.BeanShellSampler: Exception executing script. org.apache.jorphan.util.JMeterException: Error invoking bsh method: eval	Sourced file: inline evaluation of: ``import java.io.*;   String filename= "InventoryList/test_data.csv";  FileWriter  . . . '' : Typed variable declaration : Object constructor
2017-11-13 20:12:12,283 INFO o.a.j.t.JMeterThread: Thread is done: login_ordering_app 2-1
2017-11-13 20:12:12,283 INFO o.a.j.t.JMeterThread: Thread finished: login_ordering_app 2-1
2017-11-13 20:12:12,284 INFO o.a.j.e.StandardJMeterEngine: Starting ThreadGroup: 3 : Order_creation_via_inventory_list
2017-11-13 20:12:12,284 INFO o.a.j.e.StandardJMeterEngine: Starting 1 threads for group Order_creation_via_inventory_list.
2017-11-13 20:12:12,284 INFO o.a.j.e.StandardJMeterEngine: Thread will continue on error
2017-11-13 20:12:12,284 INFO o.a.j.t.ThreadGroup: Starting thread group... number=3 threads=1 ramp-up=1 perThread=1000.0 delayedStart=false
2017-11-13 20:12:12,307 INFO o.a.j.t.ThreadGroup: Started thread group number 3
2017-11-13 20:12:12,307 INFO o.a.j.e.StandardJMeterEngine: Waiting for thread group: Order_creation_via_inventory_list to finish before starting next group
2017-11-13 20:12:12,308 INFO o.a.j.t.JMeterThread: Thread started: Order_creation_via_inventory_list 3-1
2017-11-13 20:12:12,310 INFO o.a.j.s.FileServer: Stored: InventoryList/test_data.csv
2017-11-13 20:12:12,310 ERROR o.a.j.t.JMeterThread: Test failed!
java.lang.IllegalArgumentException: File test_data.csv must exist and be readable
	at org.apache.jmeter.services.FileServer.createBufferedReader(FileServer.java:430) ~[ApacheJMeter_core.jar:3.2 r1790748]
	at org.apache.jmeter.services.FileServer.readLine(FileServer.java:346) ~[ApacheJMeter_core.jar:3.2 r1790748]
	at org.apache.jmeter.config.CSVDataSet.iterationStart(CSVDataSet.java:203) ~[ApacheJMeter_components.jar:3.2 r1790748]
	at org.apache.jmeter.control.GenericController.fireIterationStart(GenericController.java:393) ~[ApacheJMeter_core.jar:3.2 r1790748]
	at org.apache.jmeter.control.GenericController.fireIterEvents(GenericController.java:385) ~[ApacheJMeter_core.jar:3.2 r1790748]
	at org.apache.jmeter.control.GenericController.next(GenericController.java:158) ~[ApacheJMeter_core.jar:3.2 r1790748]
	at org.apache.jmeter.control.LoopController.next(LoopController.java:123) ~[ApacheJMeter_core.jar:3.2 r1790748]
	at org.apache.jmeter.threads.AbstractThreadGroup.next(AbstractThreadGroup.java:87) ~[ApacheJMeter_core.jar:3.2 r1790748]
	at org.apache.jmeter.threads.JMeterThread.run(JMeterThread.java:252) [ApacheJMeter_core.jar:3.2 r1790748]
	at java.lang.Thread.run(Thread.java:748) [?:1.8.0_151]
2017-11-13 20:12:12,311 INFO o.a.j.t.JMeterThread: Thread finished: Order_creation_via_inventory_list 3-1
2017-11-13 20:12:12,313 INFO o.a.j.e.StandardJMeterEngine: Starting ThreadGroup: 4 : logout_ordering_app
2017-11-13 20:12:12,314 INFO o.a.j.e.StandardJMeterEngine: Starting 1 threads for group logout_ordering_app.
2017-11-13 20:12:12,315 INFO o.a.j.e.StandardJMeterEngine: Thread will continue on error
2017-11-13 20:12:12,315 INFO o.a.j.t.ThreadGroup: Starting thread group... number=4 threads=1 ramp-up=1 perThread=1000.0 delayedStart=false
2017-11-13 20:12:12,327 INFO o.a.j.t.ThreadGroup: Started thread group number 4
2017-11-13 20:12:12,327 INFO o.a.j.e.StandardJMeterEngine: All thread groups have been started
2017-11-13 20:12:12,327 INFO o.a.j.t.JMeterThread: Thread started: logout_ordering_app 4-1
2017-11-13 20:12:12,328 ERROR o.a.j.t.JMeterThread: Test failed!
java.lang.IllegalArgumentException: File test_data.csv must exist and be readable
	at org.apache.jmeter.services.FileServer.createBufferedReader(FileServer.java:430) ~[ApacheJMeter_core.jar:3.2 r1790748]
	at org.apache.jmeter.services.FileServer.readLine(FileServer.java:346) ~[ApacheJMeter_core.jar:3.2 r1790748]
	at org.apache.jmeter.config.CSVDataSet.iterationStart(CSVDataSet.java:203) ~[ApacheJMeter_components.jar:3.2 r1790748]
	at org.apache.jmeter.control.GenericController.fireIterationStart(GenericController.java:393) ~[ApacheJMeter_core.jar:3.2 r1790748]
	at org.apache.jmeter.control.GenericController.fireIterEvents(GenericController.java:385) ~[ApacheJMeter_core.jar:3.2 r1790748]
	at org.apache.jmeter.control.GenericController.next(GenericController.java:158) ~[ApacheJMeter_core.jar:3.2 r1790748]
	at org.apache.jmeter.control.LoopController.next(LoopController.java:123) ~[ApacheJMeter_core.jar:3.2 r1790748]
	at org.apache.jmeter.threads.AbstractThreadGroup.next(AbstractThreadGroup.java:87) ~[ApacheJMeter_core.jar:3.2 r1790748]
	at org.apache.jmeter.threads.JMeterThread.run(JMeterThread.java:252) [ApacheJMeter_core.jar:3.2 r1790748]
	at java.lang.Thread.run(Thread.java:748) [?:1.8.0_151]
2017-11-13 20:12:12,329 INFO o.a.j.t.JMeterThread: Thread finished: logout_ordering_app 4-1
2017-11-13 20:12:12,330 INFO o.a.j.e.StandardJMeterEngine: Notifying test listeners of end of test
2017-11-13 20:12:12,332 INFO o.a.j.s.FileServer: Close: userCredentials.csv
2017-11-13 20:12:12,334 INFO o.a.j.g.u.JMeterMenuBar: setRunning(false, *local*)
